[debug] [2025-04-24T06:19:01.788Z] ----------------------------------------------------------------------
[debug] [2025-04-24T06:19:01.791Z] Command:       C:\Program Files\nodejs\node.exe C:\CEDT\Year1\Term2\SW\A11\node_modules\firebase-tools\lib\bin\firebase.js init hosting
[debug] [2025-04-24T06:19:01.791Z] CLI Version:   14.2.1
[debug] [2025-04-24T06:19:01.791Z] Platform:      win32
[debug] [2025-04-24T06:19:01.792Z] Node Version:  v22.14.0
[debug] [2025-04-24T06:19:01.792Z] Time:          Thu Apr 24 2025 13:19:01 GMT+0700 (เวลาอินโดจีน)
[debug] [2025-04-24T06:19:01.792Z] ----------------------------------------------------------------------
[debug] 
[debug] [2025-04-24T06:19:01.967Z] > command requires scopes: ["email","openid","https://www.googleapis.com/auth/cloudplatformprojects.readonly","https://www.googleapis.com/auth/firebase","https://www.googleapis.com/auth/cloud-platform"]
[debug] [2025-04-24T06:19:01.967Z] > authorizing via signed-in user (tonnam.jit@gmail.com)
[info] 
     ######## #### ########  ######## ########     ###     ######  ########
     ##        ##  ##     ## ##       ##     ##  ##   ##  ##       ##
     ######    ##  ########  ######   ########  #########  ######  ######
     ##        ##  ##    ##  ##       ##     ## ##     ##       ## ##
     ##       #### ##     ## ######## ########  ##     ##  ######  ########

You're about to initialize a Firebase project in this directory:

  C:\CEDT\Year1\Term2\SW\A11

Before we get started, keep in mind:

  * You are currently outside your home directory
  * You are initializing within an existing Firebase project directory

[info] 
=== Project Setup
[info] 
[info] First, let's associate this project directory with a Firebase project.
[info] You can create multiple project aliases by running firebase use --add, 
[info] but for now we'll just set up a default project.
[info] 
[debug] [2025-04-24T06:19:03.544Z] Using project from CLI flag: fireship-lessons
[debug] [2025-04-24T06:19:03.545Z] Checked if tokens are valid: true, expires at: 1745479125261
[debug] [2025-04-24T06:19:03.545Z] Checked if tokens are valid: true, expires at: 1745479125261
[debug] [2025-04-24T06:19:03.546Z] >>> [apiv2][query] GET https://firebase.googleapis.com/v1beta1/projects/fireship-lessons [none]
[debug] [2025-04-24T06:19:04.102Z] <<< [apiv2][status] GET https://firebase.googleapis.com/v1beta1/projects/fireship-lessons 403
[debug] [2025-04-24T06:19:04.102Z] <<< [apiv2][body] GET https://firebase.googleapis.com/v1beta1/projects/fireship-lessons {"error":{"code":403,"message":"The caller does not have permission","status":"PERMISSION_DENIED"}}
[debug] [2025-04-24T06:19:04.103Z] Request to https://firebase.googleapis.com/v1beta1/projects/fireship-lessons had HTTP Error: 403, The caller does not have permission
[debug] [2025-04-24T06:19:04.246Z] FirebaseError: Request to https://firebase.googleapis.com/v1beta1/projects/fireship-lessons had HTTP Error: 403, The caller does not have permission
    at responseToError (C:\CEDT\Year1\Term2\SW\A11\node_modules\firebase-tools\lib\responseToError.js:52:12)
    at RetryOperation._fn (C:\CEDT\Year1\Term2\SW\A11\node_modules\firebase-tools\lib\apiv2.js:312:77)
    at process.processTicksAndRejections (node:internal/process/task_queues:105:5)
[error] 
[error] Error: Failed to get Firebase project fireship-lessons. Please make sure the project exists and your account has permission to access it.
[debug] [2025-04-24T06:19:56.829Z] ----------------------------------------------------------------------
[debug] [2025-04-24T06:19:56.831Z] Command:       C:\Program Files\nodejs\node.exe C:\CEDT\Year1\Term2\SW\A11\node_modules\firebase-tools\lib\bin\firebase.js init emulators
[debug] [2025-04-24T06:19:56.832Z] CLI Version:   14.2.1
[debug] [2025-04-24T06:19:56.832Z] Platform:      win32
[debug] [2025-04-24T06:19:56.832Z] Node Version:  v22.14.0
[debug] [2025-04-24T06:19:56.832Z] Time:          Thu Apr 24 2025 13:19:56 GMT+0700 (เวลาอินโดจีน)
[debug] [2025-04-24T06:19:56.832Z] ----------------------------------------------------------------------
[debug] 
[debug] [2025-04-24T06:19:57.002Z] > command requires scopes: ["email","openid","https://www.googleapis.com/auth/cloudplatformprojects.readonly","https://www.googleapis.com/auth/firebase","https://www.googleapis.com/auth/cloud-platform"]
[debug] [2025-04-24T06:19:57.003Z] > authorizing via signed-in user (tonnam.jit@gmail.com)
[info] 
     ######## #### ########  ######## ########     ###     ######  ########
     ##        ##  ##     ## ##       ##     ##  ##   ##  ##       ##
     ######    ##  ########  ######   ########  #########  ######  ######
     ##        ##  ##    ##  ##       ##     ## ##     ##       ## ##
     ##       #### ##     ## ######## ########  ##     ##  ######  ########

You're about to initialize a Firebase project in this directory:

  C:\CEDT\Year1\Term2\SW\A11

Before we get started, keep in mind:

  * You are currently outside your home directory
  * You are initializing within an existing Firebase project directory

[info] 
=== Project Setup
[info] 
[info] First, let's associate this project directory with a Firebase project.
[info] You can create multiple project aliases by running firebase use --add, 
[info] but for now we'll just set up a default project.
[info] 
[debug] [2025-04-24T06:19:58.121Z] Using project from CLI flag: fireship-lessons
[debug] [2025-04-24T06:19:58.121Z] Checked if tokens are valid: true, expires at: 1745479125261
[debug] [2025-04-24T06:19:58.122Z] Checked if tokens are valid: true, expires at: 1745479125261
[debug] [2025-04-24T06:19:58.122Z] >>> [apiv2][query] GET https://firebase.googleapis.com/v1beta1/projects/fireship-lessons [none]
[debug] [2025-04-24T06:19:58.806Z] <<< [apiv2][status] GET https://firebase.googleapis.com/v1beta1/projects/fireship-lessons 403
[debug] [2025-04-24T06:19:58.806Z] <<< [apiv2][body] GET https://firebase.googleapis.com/v1beta1/projects/fireship-lessons {"error":{"code":403,"message":"The caller does not have permission","status":"PERMISSION_DENIED"}}
[debug] [2025-04-24T06:19:58.807Z] Request to https://firebase.googleapis.com/v1beta1/projects/fireship-lessons had HTTP Error: 403, The caller does not have permission
[debug] [2025-04-24T06:19:58.915Z] FirebaseError: Request to https://firebase.googleapis.com/v1beta1/projects/fireship-lessons had HTTP Error: 403, The caller does not have permission
    at responseToError (C:\CEDT\Year1\Term2\SW\A11\node_modules\firebase-tools\lib\responseToError.js:52:12)
    at RetryOperation._fn (C:\CEDT\Year1\Term2\SW\A11\node_modules\firebase-tools\lib\apiv2.js:312:77)
    at process.processTicksAndRejections (node:internal/process/task_queues:105:5)
[error] 
[error] Error: Failed to get Firebase project fireship-lessons. Please make sure the project exists and your account has permission to access it.
[debug] [2025-04-24T06:20:05.673Z] ----------------------------------------------------------------------
[debug] [2025-04-24T06:20:05.676Z] Command:       C:\Program Files\nodejs\node.exe C:\CEDT\Year1\Term2\SW\A11\node_modules\firebase-tools\lib\bin\firebase.js init emulators
[debug] [2025-04-24T06:20:05.677Z] CLI Version:   14.2.1
[debug] [2025-04-24T06:20:05.677Z] Platform:      win32
[debug] [2025-04-24T06:20:05.677Z] Node Version:  v22.14.0
[debug] [2025-04-24T06:20:05.677Z] Time:          Thu Apr 24 2025 13:20:05 GMT+0700 (เวลาอินโดจีน)
[debug] [2025-04-24T06:20:05.677Z] ----------------------------------------------------------------------
[debug] 
[debug] [2025-04-24T06:20:05.852Z] > command requires scopes: ["email","openid","https://www.googleapis.com/auth/cloudplatformprojects.readonly","https://www.googleapis.com/auth/firebase","https://www.googleapis.com/auth/cloud-platform"]
[debug] [2025-04-24T06:20:05.853Z] > authorizing via signed-in user (tonnam.jit@gmail.com)
[info] 
     ######## #### ########  ######## ########     ###     ######  ########
     ##        ##  ##     ## ##       ##     ##  ##   ##  ##       ##
     ######    ##  ########  ######   ########  #########  ######  ######
     ##        ##  ##    ##  ##       ##     ## ##     ##       ## ##
     ##       #### ##     ## ######## ########  ##     ##  ######  ########

You're about to initialize a Firebase project in this directory:

  C:\CEDT\Year1\Term2\SW\A11

Before we get started, keep in mind:

  * You are currently outside your home directory
  * You are initializing within an existing Firebase project directory

[info] 
=== Project Setup
[info] 
[info] First, let's associate this project directory with a Firebase project.
[info] You can create multiple project aliases by running firebase use --add, 
[info] but for now we'll just set up a default project.
[info] 
[debug] [2025-04-24T06:20:11.744Z] Using project from CLI flag: fireship-lessons
[debug] [2025-04-24T06:20:11.745Z] Checked if tokens are valid: true, expires at: 1745479125261
[debug] [2025-04-24T06:20:11.745Z] Checked if tokens are valid: true, expires at: 1745479125261
[debug] [2025-04-24T06:20:11.746Z] >>> [apiv2][query] GET https://firebase.googleapis.com/v1beta1/projects/fireship-lessons [none]
[debug] [2025-04-24T06:20:13.209Z] <<< [apiv2][status] GET https://firebase.googleapis.com/v1beta1/projects/fireship-lessons 403
[debug] [2025-04-24T06:20:13.210Z] <<< [apiv2][body] GET https://firebase.googleapis.com/v1beta1/projects/fireship-lessons {"error":{"code":403,"message":"The caller does not have permission","status":"PERMISSION_DENIED"}}
[debug] [2025-04-24T06:20:13.210Z] Request to https://firebase.googleapis.com/v1beta1/projects/fireship-lessons had HTTP Error: 403, The caller does not have permission
[debug] [2025-04-24T06:20:13.332Z] FirebaseError: Request to https://firebase.googleapis.com/v1beta1/projects/fireship-lessons had HTTP Error: 403, The caller does not have permission
    at responseToError (C:\CEDT\Year1\Term2\SW\A11\node_modules\firebase-tools\lib\responseToError.js:52:12)
    at RetryOperation._fn (C:\CEDT\Year1\Term2\SW\A11\node_modules\firebase-tools\lib\apiv2.js:312:77)
    at process.processTicksAndRejections (node:internal/process/task_queues:105:5)
[error] 
[error] Error: Failed to get Firebase project fireship-lessons. Please make sure the project exists and your account has permission to access it.
